<<<<<<< Upstream, based on branch 'master' of https://github.com/JLBARBOZA/SimulacroGrupo4.git
<?xml version="1.0" encoding="UTF-8"?>
<!-- Generated by org.testng.reporters.JUnitXMLReporter -->
<testsuite ignored="0" hostname="DESKTOP-HT67QNO" failures="0" tests="2" name="Test04" time="14.118" errors="0" timestamp="2022-07-26T17:38:22 CST">
  <testcase classname="com.calidaddelsoftware.project.test04" name="Test01ReportsProducstNeverPurchased" time="6.179"/>
  <testcase classname="com.calidaddelsoftware.project.test04" name="Test02ReportsProducstNeverPurchased" time="7.893"/>
</testsuite> <!-- Test04 -->
=======
<?xml version="1.0" encoding="UTF-8"?>
<!-- Generated by org.testng.reporters.JUnitXMLReporter -->
<testsuite ignored="0" hostname="ale-pc" failures="1" tests="2" name="Test04" time="30.654" errors="0" timestamp="2022-07-26T17:37:45 CST">
  <testcase classname="com.calidaddelsoftware.project.test04" name="Test01ReportsProducstNeverPurchased" time="14.783"/>
  <testcase classname="com.calidaddelsoftware.project.test04" name="Test02ReportsProducstNeverPurchased" time="15.762">
    <failure type="java.lang.AssertionError">
      <![CDATA[java.lang.AssertionError
at org.junit.Assert.fail(Assert.java:87)
at org.junit.Assert.assertTrue(Assert.java:42)
at org.junit.Assert.assertTrue(Assert.java:53)
at com.calidaddelsoftware.project.test04.Test02ReportsProducstNeverPurchased(test04.java:103)
at java.base/java.util.ArrayList.forEach(ArrayList.java:1511)
at java.base/java.util.concurrent.FutureTask.run(FutureTask.java:264)
at java.base/java.util.concurrent.ThreadPoolExecutor.runWorker(ThreadPoolExecutor.java:1130)
at java.base/java.util.concurrent.ThreadPoolExecutor$Worker.run(ThreadPoolExecutor.java:630)
at java.base/java.lang.Thread.run(Thread.java:832)
... Removed 17 stack frames]]>
    </failure>
  </testcase> <!-- Test02ReportsProducstNeverPurchased -->
</testsuite> <!-- Test04 -->
>>>>>>> 6faf592 asserts
